-------------------------------------------------------------------------------
Test set: com.ascending.training.april.DemoTest
-------------------------------------------------------------------------------
Tests run: 2, Failures: 1, Errors: 0, Skipped: 0, Time elapsed: 0.065 s <<< FAILURE! - in com.ascending.training.april.DemoTest
test1(com.ascending.training.april.DemoTest)  Time elapsed: 0.008 s  <<< FAILURE!
java.lang.AssertionError: expected same:<ABC> was not:<ABC>
	at com.ascending.training.april.DemoTest.test1(DemoTest.java:41)

